<?xml version="1.0" encoding="UTF-8"?>
<testng-results skipped="0" failed="0" total="1" passed="1">
  <reporter-output>
  </reporter-output>
  <suite name="Surefire suite" duration-ms="16442" started-at="2016-03-15T17:22:59Z" finished-at="2016-03-15T17:23:16Z">
    <groups>
    </groups>
    <test name="Surefire test" duration-ms="16442" started-at="2016-03-15T17:22:59Z" finished-at="2016-03-15T17:23:16Z">
      <class name="com.yahoo.omid.timestamp.storage.TestHBaseTimestampStorage">
        <test-method status="PASS" signature="setUpClass()[pri:0, instance:com.yahoo.omid.timestamp.storage.TestHBaseTimestampStorage@5ce81285]" name="setUpClass" is-config="true" duration-ms="7341" started-at="2016-03-15T17:22:59Z" finished-at="2016-03-15T17:23:07Z">
          <reporter-output>
          </reporter-output>
        </test-method> <!-- setUpClass -->
        <test-method status="PASS" signature="setUp()[pri:0, instance:com.yahoo.omid.timestamp.storage.TestHBaseTimestampStorage@5ce81285]" name="setUp" is-config="true" duration-ms="1248" started-at="2016-03-15T17:23:07Z" finished-at="2016-03-15T17:23:08Z">
          <reporter-output>
          </reporter-output>
        </test-method> <!-- setUp -->
        <test-method status="PASS" signature="testHBaseTimestampStorage()[pri:0, instance:com.yahoo.omid.timestamp.storage.TestHBaseTimestampStorage@5ce81285]" name="testHBaseTimestampStorage" duration-ms="34" started-at="2016-03-15T17:23:08Z" finished-at="2016-03-15T17:23:08Z">
          <reporter-output>
          </reporter-output>
        </test-method> <!-- testHBaseTimestampStorage -->
        <test-method status="PASS" signature="tearDown()[pri:0, instance:com.yahoo.omid.timestamp.storage.TestHBaseTimestampStorage@5ce81285]" name="tearDown" is-config="true" duration-ms="1347" started-at="2016-03-15T17:23:08Z" finished-at="2016-03-15T17:23:09Z">
          <reporter-output>
          </reporter-output>
        </test-method> <!-- tearDown -->
        <test-method status="PASS" signature="tearDownClass()[pri:0, instance:com.yahoo.omid.timestamp.storage.TestHBaseTimestampStorage@5ce81285]" name="tearDownClass" is-config="true" duration-ms="6451" started-at="2016-03-15T17:23:09Z" finished-at="2016-03-15T17:23:16Z">
          <reporter-output>
          </reporter-output>
        </test-method> <!-- tearDownClass -->
      </class> <!-- com.yahoo.omid.timestamp.storage.TestHBaseTimestampStorage -->
    </test> <!-- Surefire test -->
  </suite> <!-- Surefire suite -->
</testng-results>
