<?xml version="1.0" encoding="UTF-8"?>
<testng-results skipped="0" failed="0" total="3" passed="3">
  <reporter-output>
  </reporter-output>
  <suite name="Surefire suite" duration-ms="17709" started-at="2016-03-15T17:23:33Z" finished-at="2016-03-15T17:23:51Z">
    <groups>
    </groups>
    <test name="Surefire test" duration-ms="17709" started-at="2016-03-15T17:23:33Z" finished-at="2016-03-15T17:23:51Z">
      <class name="com.yahoo.omid.committable.hbase.TestHBaseCommitTable">
        <test-method status="PASS" signature="setUpClass()[pri:0, instance:com.yahoo.omid.committable.hbase.TestHBaseCommitTable@185d8b6]" name="setUpClass" is-config="true" duration-ms="7395" started-at="2016-03-15T17:23:33Z" finished-at="2016-03-15T17:23:40Z">
          <reporter-output>
          </reporter-output>
        </test-method> <!-- setUpClass -->
        <test-method status="PASS" signature="setUp()[pri:0, instance:com.yahoo.omid.committable.hbase.TestHBaseCommitTable@185d8b6]" name="setUp" is-config="true" duration-ms="467" started-at="2016-03-15T17:23:40Z" finished-at="2016-03-15T17:23:41Z">
          <reporter-output>
          </reporter-output>
        </test-method> <!-- setUp -->
        <test-method status="PASS" signature="testBasicBehaviour()[pri:0, instance:com.yahoo.omid.committable.hbase.TestHBaseCommitTable@185d8b6]" name="testBasicBehaviour" duration-ms="1977" started-at="2016-03-15T17:23:41Z" finished-at="2016-03-15T17:23:43Z">
          <reporter-output>
          </reporter-output>
        </test-method> <!-- testBasicBehaviour -->
        <test-method status="PASS" signature="tearDown()[pri:0, instance:com.yahoo.omid.committable.hbase.TestHBaseCommitTable@185d8b6]" name="tearDown" is-config="true" duration-ms="1350" started-at="2016-03-15T17:23:43Z" finished-at="2016-03-15T17:23:44Z">
          <reporter-output>
          </reporter-output>
        </test-method> <!-- tearDown -->
        <test-method status="PASS" signature="setUp()[pri:0, instance:com.yahoo.omid.committable.hbase.TestHBaseCommitTable@185d8b6]" name="setUp" is-config="true" duration-ms="698" started-at="2016-03-15T17:23:44Z" finished-at="2016-03-15T17:23:45Z">
          <reporter-output>
          </reporter-output>
        </test-method> <!-- setUp -->
        <test-method status="PASS" signature="testClosingClientEmptyQueuesProperly()[pri:0, instance:com.yahoo.omid.committable.hbase.TestHBaseCommitTable@185d8b6]" name="testClosingClientEmptyQueuesProperly" duration-ms="87" started-at="2016-03-15T17:23:45Z" finished-at="2016-03-15T17:23:45Z">
          <reporter-output>
          </reporter-output>
        </test-method> <!-- testClosingClientEmptyQueuesProperly -->
        <test-method status="PASS" signature="tearDown()[pri:0, instance:com.yahoo.omid.committable.hbase.TestHBaseCommitTable@185d8b6]" name="tearDown" is-config="true" duration-ms="1327" started-at="2016-03-15T17:23:45Z" finished-at="2016-03-15T17:23:46Z">
          <reporter-output>
          </reporter-output>
        </test-method> <!-- tearDown -->
        <test-method status="PASS" signature="setUp()[pri:0, instance:com.yahoo.omid.committable.hbase.TestHBaseCommitTable@185d8b6]" name="setUp" is-config="true" duration-ms="680" started-at="2016-03-15T17:23:46Z" finished-at="2016-03-15T17:23:47Z">
          <reporter-output>
          </reporter-output>
        </test-method> <!-- setUp -->
        <test-method status="PASS" signature="testTransactionInvalidation()[pri:0, instance:com.yahoo.omid.committable.hbase.TestHBaseCommitTable@185d8b6]" name="testTransactionInvalidation" duration-ms="29" started-at="2016-03-15T17:23:47Z" finished-at="2016-03-15T17:23:47Z">
          <reporter-output>
          </reporter-output>
        </test-method> <!-- testTransactionInvalidation -->
        <test-method status="PASS" signature="tearDown()[pri:0, instance:com.yahoo.omid.committable.hbase.TestHBaseCommitTable@185d8b6]" name="tearDown" is-config="true" duration-ms="1287" started-at="2016-03-15T17:23:47Z" finished-at="2016-03-15T17:23:48Z">
          <reporter-output>
          </reporter-output>
        </test-method> <!-- tearDown -->
        <test-method status="PASS" signature="tearDownClass()[pri:0, instance:com.yahoo.omid.committable.hbase.TestHBaseCommitTable@185d8b6]" name="tearDownClass" is-config="true" duration-ms="2402" started-at="2016-03-15T17:23:48Z" finished-at="2016-03-15T17:23:51Z">
          <reporter-output>
          </reporter-output>
        </test-method> <!-- tearDownClass -->
      </class> <!-- com.yahoo.omid.committable.hbase.TestHBaseCommitTable -->
    </test> <!-- Surefire test -->
  </suite> <!-- Surefire suite -->
</testng-results>
