<?xml version="1.0" encoding="UTF-8"?>
<testng-results skipped="0" failed="0" total="2" passed="2">
  <reporter-output>
  </reporter-output>
  <suite name="Surefire suite" duration-ms="228" started-at="2016-03-15T17:22:46Z" finished-at="2016-03-15T17:22:47Z">
    <groups>
    </groups>
    <test name="Surefire test" duration-ms="228" started-at="2016-03-15T17:22:46Z" finished-at="2016-03-15T17:22:47Z">
      <class name="com.yahoo.omid.YAMLUtilsTest">
        <test-method status="PASS" signature="testLoadDefaultSettings_setToBean()[pri:0, instance:com.yahoo.omid.YAMLUtilsTest@7e0babb1]" name="testLoadDefaultSettings_setToBean" duration-ms="212" started-at="2016-03-15T17:22:46Z" finished-at="2016-03-15T17:22:47Z">
          <reporter-output>
          </reporter-output>
        </test-method> <!-- testLoadDefaultSettings_setToBean -->
        <test-method status="PASS" signature="testLoadDefaultSettings_setToBean2()[pri:0, instance:com.yahoo.omid.YAMLUtilsTest@7e0babb1]" name="testLoadDefaultSettings_setToBean2" duration-ms="1" started-at="2016-03-15T17:22:47Z" finished-at="2016-03-15T17:22:47Z">
          <reporter-output>
          </reporter-output>
        </test-method> <!-- testLoadDefaultSettings_setToBean2 -->
      </class> <!-- com.yahoo.omid.YAMLUtilsTest -->
    </test> <!-- Surefire test -->
  </suite> <!-- Surefire suite -->
</testng-results>
