<?xml version="1.0" encoding="UTF-8"?>
<testng-results skipped="0" failed="0" total="2" passed="2">
  <reporter-output>
  </reporter-output>
  <suite name="Surefire suite" duration-ms="248" started-at="2016-03-14T18:11:39Z" finished-at="2016-03-14T18:11:40Z">
    <groups>
    </groups>
    <test name="Surefire test" duration-ms="248" started-at="2016-03-14T18:11:39Z" finished-at="2016-03-14T18:11:40Z">
      <class name="com.yahoo.omid.YAMLUtilsTest">
        <test-method status="PASS" signature="testLoadDefaultSettings_setToBean()[pri:0, instance:com.yahoo.omid.YAMLUtilsTest@45c8e616]" name="testLoadDefaultSettings_setToBean" duration-ms="231" started-at="2016-03-14T18:11:40Z" finished-at="2016-03-14T18:11:40Z">
          <reporter-output>
          </reporter-output>
        </test-method> <!-- testLoadDefaultSettings_setToBean -->
        <test-method status="PASS" signature="testLoadDefaultSettings_setToBean2()[pri:0, instance:com.yahoo.omid.YAMLUtilsTest@45c8e616]" name="testLoadDefaultSettings_setToBean2" duration-ms="6" started-at="2016-03-14T18:11:40Z" finished-at="2016-03-14T18:11:40Z">
          <reporter-output>
          </reporter-output>
        </test-method> <!-- testLoadDefaultSettings_setToBean2 -->
      </class> <!-- com.yahoo.omid.YAMLUtilsTest -->
    </test> <!-- Surefire test -->
  </suite> <!-- Surefire suite -->
</testng-results>
