<?xml version="1.0" encoding="UTF-8"?>
<!-- Generated by org.testng.reporters.JUnitXMLReporter -->
<testsuite hostname="testing-gce-620a82cd-cc99-44e6-916e-7113bc1c7b8f.c.travis-ci-prod-5.internal" name="Surefire test" tests="3" failures="0" timestamp="14 Mar 2016 18:12:11 GMT" time="16.921" errors="0">
  <testcase name="testBasicFunctionality" time="0.067" classname="com.yahoo.omid.timestamp.storage.TestZKTimestampStorage"/>
  <testcase name="testZkClientLosingSession" time="0.075" classname="com.yahoo.omid.timestamp.storage.TestZKTimestampStorage"/>
  <testcase name="testZkClientWhenZKIsDownAndRestarts" time="12.148" classname="com.yahoo.omid.timestamp.storage.TestZKTimestampStorage"/>
</testsuite> <!-- Surefire test -->
