<?xml version="1.0" encoding="UTF-8"?>
<!-- Generated by org.testng.reporters.JUnitXMLReporter -->
<testsuite hostname="testing-gce-fb862589-bb66-4e53-8fb4-63c45588e22a.c.travis-ci-prod-3.internal" name="Surefire test" tests="13" failures="0" timestamp="15 Mar 2016 17:24:54 GMT" time="17.142" errors="0">
  <testcase name="testCommitCanSucceedWhenChannelDisconnected" time="1.087" classname="com.yahoo.omid.tsoclient.TestTSOClientRequestAndResponseBehaviours"/>
  <testcase name="testCommitCanSucceedWithMultipleTimeouts" time="1.42" classname="com.yahoo.omid.tsoclient.TestTSOClientRequestAndResponseBehaviours"/>
  <testcase name="testCommitFailWhenTSOIsDown" time="1.478" classname="com.yahoo.omid.tsoclient.TestTSOClientRequestAndResponseBehaviours"/>
  <testcase name="testCommitGetsServiceUnavailableExceptionWhenCommunicationFails" time="2.429" classname="com.yahoo.omid.tsoclient.TestTSOClientRequestAndResponseBehaviours"/>
  <testcase name="testCommitTimestampNotPresentInCommitTableReturnsAnAbort" time="0.338" classname="com.yahoo.omid.tsoclient.TestTSOClientRequestAndResponseBehaviours"/>
  <testcase name="testCommitTimestampPresentInCommitTableReturnsCommit" time="0.182" classname="com.yahoo.omid.tsoclient.TestTSOClientRequestAndResponseBehaviours"/>
  <testcase name="testDuplicateCommit" time="0.117" classname="com.yahoo.omid.tsoclient.TestTSOClientRequestAndResponseBehaviours"/>
  <testcase name="testDuplicateCommitAborting" time="0.117" classname="com.yahoo.omid.tsoclient.TestTSOClientRequestAndResponseBehaviours"/>
  <testcase name="testHandshakeBetweenOldClientAndCurrentServer" time="0.029" classname="com.yahoo.omid.tsoclient.TestTSOClientRequestAndResponseBehaviours"/>
  <testcase name="testInvalidCommitTimestampPresentInCommitTableReturnsAbort" time="0.061" classname="com.yahoo.omid.tsoclient.TestTSOClientRequestAndResponseBehaviours"/>
  <testcase name="testOutOfOrderMessages" time="0.078" classname="com.yahoo.omid.tsoclient.TestTSOClientRequestAndResponseBehaviours"/>
  <testcase name="testTimeoutsAreCancelled" time="5.893" classname="com.yahoo.omid.tsoclient.TestTSOClientRequestAndResponseBehaviours"/>
  <testcase name="testTimestampRequestSucceedWithMultipleTimeouts" time="1.018" classname="com.yahoo.omid.tsoclient.TestTSOClientRequestAndResponseBehaviours"/>
</testsuite> <!-- Surefire test -->
