<?xml version="1.0" encoding="UTF-8"?>
<!-- Generated by org.testng.reporters.JUnitXMLReporter -->
<testsuite hostname="testing-gce-620a82cd-cc99-44e6-916e-7113bc1c7b8f.c.travis-ci-prod-5.internal" name="Surefire test" tests="13" failures="0" timestamp="14 Mar 2016 18:13:52 GMT" time="12.002" errors="0">
  <testcase name="testCommitCanSucceedWhenChannelDisconnected" time="0.785" classname="com.yahoo.omid.tsoclient.TestTSOClientRequestAndResponseBehaviours"/>
  <testcase name="testCommitCanSucceedWithMultipleTimeouts" time="1.329" classname="com.yahoo.omid.tsoclient.TestTSOClientRequestAndResponseBehaviours"/>
  <testcase name="testCommitFailWhenTSOIsDown" time="1.464" classname="com.yahoo.omid.tsoclient.TestTSOClientRequestAndResponseBehaviours"/>
  <testcase name="testCommitGetsServiceUnavailableExceptionWhenCommunicationFails" time="0.43" classname="com.yahoo.omid.tsoclient.TestTSOClientRequestAndResponseBehaviours"/>
  <testcase name="testCommitTimestampNotPresentInCommitTableReturnsAnAbort" time="0.45" classname="com.yahoo.omid.tsoclient.TestTSOClientRequestAndResponseBehaviours"/>
  <testcase name="testCommitTimestampPresentInCommitTableReturnsCommit" time="0.289" classname="com.yahoo.omid.tsoclient.TestTSOClientRequestAndResponseBehaviours"/>
  <testcase name="testDuplicateCommit" time="0.156" classname="com.yahoo.omid.tsoclient.TestTSOClientRequestAndResponseBehaviours"/>
  <testcase name="testDuplicateCommitAborting" time="0.124" classname="com.yahoo.omid.tsoclient.TestTSOClientRequestAndResponseBehaviours"/>
  <testcase name="testHandshakeBetweenOldClientAndCurrentServer" time="0.018" classname="com.yahoo.omid.tsoclient.TestTSOClientRequestAndResponseBehaviours"/>
  <testcase name="testInvalidCommitTimestampPresentInCommitTableReturnsAbort" time="0.071" classname="com.yahoo.omid.tsoclient.TestTSOClientRequestAndResponseBehaviours"/>
  <testcase name="testOutOfOrderMessages" time="0.093" classname="com.yahoo.omid.tsoclient.TestTSOClientRequestAndResponseBehaviours"/>
  <testcase name="testTimeoutsAreCancelled" time="0.924" classname="com.yahoo.omid.tsoclient.TestTSOClientRequestAndResponseBehaviours"/>
  <testcase name="testTimestampRequestSucceedWithMultipleTimeouts" time="1.032" classname="com.yahoo.omid.tsoclient.TestTSOClientRequestAndResponseBehaviours"/>
</testsuite> <!-- Surefire test -->
