<?xml version="1.0" encoding="UTF-8"?>
<!-- Generated by org.testng.reporters.JUnitXMLReporter -->
<testsuite hostname="testing-gce-620a82cd-cc99-44e6-916e-7113bc1c7b8f.c.travis-ci-prod-5.internal" name="Surefire test" tests="3" failures="0" timestamp="14 Mar 2016 18:12:55 GMT" time="24.38" errors="0">
  <testcase name="testBasicBehaviour" time="2.21" classname="com.yahoo.omid.committable.hbase.TestHBaseCommitTable"/>
  <testcase name="testClosingClientEmptyQueuesProperly" time="0.079" classname="com.yahoo.omid.committable.hbase.TestHBaseCommitTable"/>
  <testcase name="testTransactionInvalidation" time="0.035" classname="com.yahoo.omid.committable.hbase.TestHBaseCommitTable"/>
</testsuite> <!-- Surefire test -->
