<?xml version="1.0" encoding="UTF-8"?>
<!-- Generated by org.testng.reporters.JUnitXMLReporter -->
<testsuite hostname="testing-gce-fb862589-bb66-4e53-8fb4-63c45588e22a.c.travis-ci-prod-3.internal" name="Surefire test" tests="3" failures="0" timestamp="15 Mar 2016 17:23:51 GMT" time="17.709" errors="0">
  <testcase name="testBasicBehaviour" time="1.977" classname="com.yahoo.omid.committable.hbase.TestHBaseCommitTable"/>
  <testcase name="testClosingClientEmptyQueuesProperly" time="0.087" classname="com.yahoo.omid.committable.hbase.TestHBaseCommitTable"/>
  <testcase name="testTransactionInvalidation" time="0.029" classname="com.yahoo.omid.committable.hbase.TestHBaseCommitTable"/>
</testsuite> <!-- Surefire test -->
