<?xml version="1.0" encoding="UTF-8"?>
<testng-results skipped="0" failed="0" total="13" passed="13">
  <reporter-output>
  </reporter-output>
  <suite name="Surefire suite" duration-ms="17142" started-at="2016-03-15T17:24:37Z" finished-at="2016-03-15T17:24:54Z">
    <groups>
    </groups>
    <test name="Surefire test" duration-ms="17142" started-at="2016-03-15T17:24:37Z" finished-at="2016-03-15T17:24:54Z">
      <class name="com.yahoo.omid.tsoclient.TestTSOClientRequestAndResponseBehaviours">
        <test-method status="PASS" signature="setup()[pri:0, instance:com.yahoo.omid.tsoclient.TestTSOClientRequestAndResponseBehaviours@6fc6f14e]" name="setup" is-config="true" duration-ms="2135" started-at="2016-03-15T17:24:37Z" finished-at="2016-03-15T17:24:39Z">
          <reporter-output>
          </reporter-output>
        </test-method> <!-- setup -->
        <test-method status="PASS" signature="beforeMethod()[pri:0, instance:com.yahoo.omid.tsoclient.TestTSOClientRequestAndResponseBehaviours@6fc6f14e]" name="beforeMethod" is-config="true" duration-ms="547" started-at="2016-03-15T17:24:39Z" finished-at="2016-03-15T17:24:39Z">
          <reporter-output>
          </reporter-output>
        </test-method> <!-- beforeMethod -->
        <test-method status="PASS" signature="testCommitCanSucceedWhenChannelDisconnected()[pri:0, instance:com.yahoo.omid.tsoclient.TestTSOClientRequestAndResponseBehaviours@6fc6f14e]" name="testCommitCanSucceedWhenChannelDisconnected" duration-ms="1087" started-at="2016-03-15T17:24:39Z" finished-at="2016-03-15T17:24:41Z">
          <reporter-output>
          </reporter-output>
        </test-method> <!-- testCommitCanSucceedWhenChannelDisconnected -->
        <test-method status="PASS" signature="afterMethod()[pri:0, instance:com.yahoo.omid.tsoclient.TestTSOClientRequestAndResponseBehaviours@6fc6f14e]" name="afterMethod" is-config="true" duration-ms="0" started-at="2016-03-15T17:24:41Z" finished-at="2016-03-15T17:24:41Z">
          <reporter-output>
          </reporter-output>
        </test-method> <!-- afterMethod -->
        <test-method status="PASS" signature="beforeMethod()[pri:0, instance:com.yahoo.omid.tsoclient.TestTSOClientRequestAndResponseBehaviours@6fc6f14e]" name="beforeMethod" is-config="true" duration-ms="1" started-at="2016-03-15T17:24:41Z" finished-at="2016-03-15T17:24:41Z">
          <reporter-output>
          </reporter-output>
        </test-method> <!-- beforeMethod -->
        <test-method status="PASS" signature="testCommitCanSucceedWithMultipleTimeouts()[pri:0, instance:com.yahoo.omid.tsoclient.TestTSOClientRequestAndResponseBehaviours@6fc6f14e]" name="testCommitCanSucceedWithMultipleTimeouts" duration-ms="1420" started-at="2016-03-15T17:24:41Z" finished-at="2016-03-15T17:24:42Z">
          <reporter-output>
          </reporter-output>
        </test-method> <!-- testCommitCanSucceedWithMultipleTimeouts -->
        <test-method status="PASS" signature="beforeMethod()[pri:0, instance:com.yahoo.omid.tsoclient.TestTSOClientRequestAndResponseBehaviours@6fc6f14e]" name="beforeMethod" is-config="true" duration-ms="3" started-at="2016-03-15T17:24:42Z" finished-at="2016-03-15T17:24:42Z">
          <reporter-output>
          </reporter-output>
        </test-method> <!-- beforeMethod -->
        <test-method status="PASS" signature="afterMethod()[pri:0, instance:com.yahoo.omid.tsoclient.TestTSOClientRequestAndResponseBehaviours@6fc6f14e]" name="afterMethod" is-config="true" duration-ms="0" started-at="2016-03-15T17:24:42Z" finished-at="2016-03-15T17:24:42Z">
          <reporter-output>
          </reporter-output>
        </test-method> <!-- afterMethod -->
        <test-method status="PASS" signature="testCommitFailWhenTSOIsDown()[pri:0, instance:com.yahoo.omid.tsoclient.TestTSOClientRequestAndResponseBehaviours@6fc6f14e]" name="testCommitFailWhenTSOIsDown" duration-ms="1478" started-at="2016-03-15T17:24:42Z" finished-at="2016-03-15T17:24:43Z">
          <reporter-output>
          </reporter-output>
        </test-method> <!-- testCommitFailWhenTSOIsDown -->
        <test-method status="PASS" signature="afterMethod()[pri:0, instance:com.yahoo.omid.tsoclient.TestTSOClientRequestAndResponseBehaviours@6fc6f14e]" name="afterMethod" is-config="true" duration-ms="0" started-at="2016-03-15T17:24:43Z" finished-at="2016-03-15T17:24:43Z">
          <reporter-output>
          </reporter-output>
        </test-method> <!-- afterMethod -->
        <test-method status="PASS" signature="beforeMethod()[pri:0, instance:com.yahoo.omid.tsoclient.TestTSOClientRequestAndResponseBehaviours@6fc6f14e]" name="beforeMethod" is-config="true" duration-ms="41" started-at="2016-03-15T17:24:43Z" finished-at="2016-03-15T17:24:43Z">
          <reporter-output>
          </reporter-output>
        </test-method> <!-- beforeMethod -->
        <test-method status="PASS" signature="testCommitGetsServiceUnavailableExceptionWhenCommunicationFails()[pri:0, instance:com.yahoo.omid.tsoclient.TestTSOClientRequestAndResponseBehaviours@6fc6f14e]" name="testCommitGetsServiceUnavailableExceptionWhenCommunicationFails" duration-ms="2429" started-at="2016-03-15T17:24:43Z" finished-at="2016-03-15T17:24:46Z">
          <reporter-output>
          </reporter-output>
        </test-method> <!-- testCommitGetsServiceUnavailableExceptionWhenCommunicationFails -->
        <test-method status="PASS" signature="afterMethod()[pri:0, instance:com.yahoo.omid.tsoclient.TestTSOClientRequestAndResponseBehaviours@6fc6f14e]" name="afterMethod" is-config="true" duration-ms="0" started-at="2016-03-15T17:24:46Z" finished-at="2016-03-15T17:24:46Z">
          <reporter-output>
          </reporter-output>
        </test-method> <!-- afterMethod -->
        <test-method status="PASS" signature="beforeMethod()[pri:0, instance:com.yahoo.omid.tsoclient.TestTSOClientRequestAndResponseBehaviours@6fc6f14e]" name="beforeMethod" is-config="true" duration-ms="2" started-at="2016-03-15T17:24:46Z" finished-at="2016-03-15T17:24:46Z">
          <reporter-output>
          </reporter-output>
        </test-method> <!-- beforeMethod -->
        <test-method status="PASS" signature="testCommitTimestampNotPresentInCommitTableReturnsAnAbort()[pri:0, instance:com.yahoo.omid.tsoclient.TestTSOClientRequestAndResponseBehaviours@6fc6f14e]" name="testCommitTimestampNotPresentInCommitTableReturnsAnAbort" duration-ms="338" started-at="2016-03-15T17:24:46Z" finished-at="2016-03-15T17:24:46Z">
          <reporter-output>
          </reporter-output>
        </test-method> <!-- testCommitTimestampNotPresentInCommitTableReturnsAnAbort -->
        <test-method status="PASS" signature="afterMethod()[pri:0, instance:com.yahoo.omid.tsoclient.TestTSOClientRequestAndResponseBehaviours@6fc6f14e]" name="afterMethod" is-config="true" duration-ms="0" started-at="2016-03-15T17:24:46Z" finished-at="2016-03-15T17:24:46Z">
          <reporter-output>
          </reporter-output>
        </test-method> <!-- afterMethod -->
        <test-method status="PASS" signature="beforeMethod()[pri:0, instance:com.yahoo.omid.tsoclient.TestTSOClientRequestAndResponseBehaviours@6fc6f14e]" name="beforeMethod" is-config="true" duration-ms="1" started-at="2016-03-15T17:24:46Z" finished-at="2016-03-15T17:24:46Z">
          <reporter-output>
          </reporter-output>
        </test-method> <!-- beforeMethod -->
        <test-method status="PASS" signature="testCommitTimestampPresentInCommitTableReturnsCommit()[pri:0, instance:com.yahoo.omid.tsoclient.TestTSOClientRequestAndResponseBehaviours@6fc6f14e]" name="testCommitTimestampPresentInCommitTableReturnsCommit" duration-ms="182" started-at="2016-03-15T17:24:46Z" finished-at="2016-03-15T17:24:46Z">
          <reporter-output>
          </reporter-output>
        </test-method> <!-- testCommitTimestampPresentInCommitTableReturnsCommit -->
        <test-method status="PASS" signature="afterMethod()[pri:0, instance:com.yahoo.omid.tsoclient.TestTSOClientRequestAndResponseBehaviours@6fc6f14e]" name="afterMethod" is-config="true" duration-ms="0" started-at="2016-03-15T17:24:46Z" finished-at="2016-03-15T17:24:46Z">
          <reporter-output>
          </reporter-output>
        </test-method> <!-- afterMethod -->
        <test-method status="PASS" signature="beforeMethod()[pri:0, instance:com.yahoo.omid.tsoclient.TestTSOClientRequestAndResponseBehaviours@6fc6f14e]" name="beforeMethod" is-config="true" duration-ms="2" started-at="2016-03-15T17:24:46Z" finished-at="2016-03-15T17:24:46Z">
          <reporter-output>
          </reporter-output>
        </test-method> <!-- beforeMethod -->
        <test-method status="PASS" signature="testDuplicateCommit()[pri:0, instance:com.yahoo.omid.tsoclient.TestTSOClientRequestAndResponseBehaviours@6fc6f14e]" name="testDuplicateCommit" duration-ms="117" started-at="2016-03-15T17:24:46Z" finished-at="2016-03-15T17:24:47Z">
          <reporter-output>
          </reporter-output>
        </test-method> <!-- testDuplicateCommit -->
        <test-method status="PASS" signature="afterMethod()[pri:0, instance:com.yahoo.omid.tsoclient.TestTSOClientRequestAndResponseBehaviours@6fc6f14e]" name="afterMethod" is-config="true" duration-ms="0" started-at="2016-03-15T17:24:47Z" finished-at="2016-03-15T17:24:47Z">
          <reporter-output>
          </reporter-output>
        </test-method> <!-- afterMethod -->
        <test-method status="PASS" signature="beforeMethod()[pri:0, instance:com.yahoo.omid.tsoclient.TestTSOClientRequestAndResponseBehaviours@6fc6f14e]" name="beforeMethod" is-config="true" duration-ms="2" started-at="2016-03-15T17:24:47Z" finished-at="2016-03-15T17:24:47Z">
          <reporter-output>
          </reporter-output>
        </test-method> <!-- beforeMethod -->
        <test-method status="PASS" signature="testDuplicateCommitAborting()[pri:0, instance:com.yahoo.omid.tsoclient.TestTSOClientRequestAndResponseBehaviours@6fc6f14e]" name="testDuplicateCommitAborting" duration-ms="117" started-at="2016-03-15T17:24:47Z" finished-at="2016-03-15T17:24:47Z">
          <reporter-output>
          </reporter-output>
        </test-method> <!-- testDuplicateCommitAborting -->
        <test-method status="PASS" signature="beforeMethod()[pri:0, instance:com.yahoo.omid.tsoclient.TestTSOClientRequestAndResponseBehaviours@6fc6f14e]" name="beforeMethod" is-config="true" duration-ms="11" started-at="2016-03-15T17:24:47Z" finished-at="2016-03-15T17:24:47Z">
          <reporter-output>
          </reporter-output>
        </test-method> <!-- beforeMethod -->
        <test-method status="PASS" signature="afterMethod()[pri:0, instance:com.yahoo.omid.tsoclient.TestTSOClientRequestAndResponseBehaviours@6fc6f14e]" name="afterMethod" is-config="true" duration-ms="0" started-at="2016-03-15T17:24:47Z" finished-at="2016-03-15T17:24:47Z">
          <reporter-output>
          </reporter-output>
        </test-method> <!-- afterMethod -->
        <test-method status="PASS" signature="testHandshakeBetweenOldClientAndCurrentServer()[pri:0, instance:com.yahoo.omid.tsoclient.TestTSOClientRequestAndResponseBehaviours@6fc6f14e]" name="testHandshakeBetweenOldClientAndCurrentServer" duration-ms="29" started-at="2016-03-15T17:24:47Z" finished-at="2016-03-15T17:24:47Z">
          <reporter-output>
          </reporter-output>
        </test-method> <!-- testHandshakeBetweenOldClientAndCurrentServer -->
        <test-method status="PASS" signature="beforeMethod()[pri:0, instance:com.yahoo.omid.tsoclient.TestTSOClientRequestAndResponseBehaviours@6fc6f14e]" name="beforeMethod" is-config="true" duration-ms="2" started-at="2016-03-15T17:24:47Z" finished-at="2016-03-15T17:24:47Z">
          <reporter-output>
          </reporter-output>
        </test-method> <!-- beforeMethod -->
        <test-method status="PASS" signature="afterMethod()[pri:0, instance:com.yahoo.omid.tsoclient.TestTSOClientRequestAndResponseBehaviours@6fc6f14e]" name="afterMethod" is-config="true" duration-ms="0" started-at="2016-03-15T17:24:47Z" finished-at="2016-03-15T17:24:47Z">
          <reporter-output>
          </reporter-output>
        </test-method> <!-- afterMethod -->
        <test-method status="PASS" signature="testInvalidCommitTimestampPresentInCommitTableReturnsAbort()[pri:0, instance:com.yahoo.omid.tsoclient.TestTSOClientRequestAndResponseBehaviours@6fc6f14e]" name="testInvalidCommitTimestampPresentInCommitTableReturnsAbort" duration-ms="61" started-at="2016-03-15T17:24:47Z" finished-at="2016-03-15T17:24:47Z">
          <reporter-output>
          </reporter-output>
        </test-method> <!-- testInvalidCommitTimestampPresentInCommitTableReturnsAbort -->
        <test-method status="PASS" signature="afterMethod()[pri:0, instance:com.yahoo.omid.tsoclient.TestTSOClientRequestAndResponseBehaviours@6fc6f14e]" name="afterMethod" is-config="true" duration-ms="0" started-at="2016-03-15T17:24:47Z" finished-at="2016-03-15T17:24:47Z">
          <reporter-output>
          </reporter-output>
        </test-method> <!-- afterMethod -->
        <test-method status="PASS" signature="beforeMethod()[pri:0, instance:com.yahoo.omid.tsoclient.TestTSOClientRequestAndResponseBehaviours@6fc6f14e]" name="beforeMethod" is-config="true" duration-ms="1" started-at="2016-03-15T17:24:47Z" finished-at="2016-03-15T17:24:47Z">
          <reporter-output>
          </reporter-output>
        </test-method> <!-- beforeMethod -->
        <test-method status="PASS" signature="testOutOfOrderMessages()[pri:0, instance:com.yahoo.omid.tsoclient.TestTSOClientRequestAndResponseBehaviours@6fc6f14e]" name="testOutOfOrderMessages" duration-ms="78" started-at="2016-03-15T17:24:47Z" finished-at="2016-03-15T17:24:47Z">
          <reporter-output>
          </reporter-output>
        </test-method> <!-- testOutOfOrderMessages -->
        <test-method status="PASS" signature="afterMethod()[pri:0, instance:com.yahoo.omid.tsoclient.TestTSOClientRequestAndResponseBehaviours@6fc6f14e]" name="afterMethod" is-config="true" duration-ms="1" started-at="2016-03-15T17:24:47Z" finished-at="2016-03-15T17:24:47Z">
          <reporter-output>
          </reporter-output>
        </test-method> <!-- afterMethod -->
        <test-method status="PASS" signature="beforeMethod()[pri:0, instance:com.yahoo.omid.tsoclient.TestTSOClientRequestAndResponseBehaviours@6fc6f14e]" name="beforeMethod" is-config="true" duration-ms="2" started-at="2016-03-15T17:24:47Z" finished-at="2016-03-15T17:24:47Z">
          <reporter-output>
          </reporter-output>
        </test-method> <!-- beforeMethod -->
        <test-method status="PASS" signature="testTimeoutsAreCancelled()[pri:0, instance:com.yahoo.omid.tsoclient.TestTSOClientRequestAndResponseBehaviours@6fc6f14e]" name="testTimeoutsAreCancelled" duration-ms="5893" started-at="2016-03-15T17:24:47Z" finished-at="2016-03-15T17:24:53Z">
          <reporter-output>
          </reporter-output>
        </test-method> <!-- testTimeoutsAreCancelled -->
        <test-method status="PASS" signature="afterMethod()[pri:0, instance:com.yahoo.omid.tsoclient.TestTSOClientRequestAndResponseBehaviours@6fc6f14e]" name="afterMethod" is-config="true" duration-ms="1" started-at="2016-03-15T17:24:53Z" finished-at="2016-03-15T17:24:53Z">
          <reporter-output>
          </reporter-output>
        </test-method> <!-- afterMethod -->
        <test-method status="PASS" signature="beforeMethod()[pri:0, instance:com.yahoo.omid.tsoclient.TestTSOClientRequestAndResponseBehaviours@6fc6f14e]" name="beforeMethod" is-config="true" duration-ms="4" started-at="2016-03-15T17:24:53Z" finished-at="2016-03-15T17:24:53Z">
          <reporter-output>
          </reporter-output>
        </test-method> <!-- beforeMethod -->
        <test-method status="PASS" signature="testTimestampRequestSucceedWithMultipleTimeouts()[pri:0, instance:com.yahoo.omid.tsoclient.TestTSOClientRequestAndResponseBehaviours@6fc6f14e]" name="testTimestampRequestSucceedWithMultipleTimeouts" duration-ms="1018" started-at="2016-03-15T17:24:53Z" finished-at="2016-03-15T17:24:54Z">
          <reporter-output>
          </reporter-output>
        </test-method> <!-- testTimestampRequestSucceedWithMultipleTimeouts -->
        <test-method status="PASS" signature="tearDown()[pri:0, instance:com.yahoo.omid.tsoclient.TestTSOClientRequestAndResponseBehaviours@6fc6f14e]" name="tearDown" is-config="true" duration-ms="99" started-at="2016-03-15T17:24:54Z" finished-at="2016-03-15T17:24:54Z">
          <reporter-output>
          </reporter-output>
        </test-method> <!-- tearDown -->
        <test-method status="PASS" signature="afterMethod()[pri:0, instance:com.yahoo.omid.tsoclient.TestTSOClientRequestAndResponseBehaviours@6fc6f14e]" name="afterMethod" is-config="true" duration-ms="0" started-at="2016-03-15T17:24:54Z" finished-at="2016-03-15T17:24:54Z">
          <reporter-output>
          </reporter-output>
        </test-method> <!-- afterMethod -->
      </class> <!-- com.yahoo.omid.tsoclient.TestTSOClientRequestAndResponseBehaviours -->
    </test> <!-- Surefire test -->
  </suite> <!-- Surefire suite -->
</testng-results>
