<?xml version="1.0" encoding="UTF-8"?>
<testsuite xmlns:xsi="http://www.w3.org/2001/XMLSchema-instance" xsi:schemaLocation="https://maven.apache.org/surefire/maven-surefire-plugin/xsd/surefire-test-report.xsd" name="com.yahoo.omid.tso.TestPersistenceProcessor" time="5.274" tests="7" errors="0" skipped="0" failures="1">
  <properties>
[...]
</properties>
  <testcase name="testCommitPersistenceWithHALeaseManager" classname="com.yahoo.omid.tso.TestPersistenceProcessor" time="0.202">
    <failure message="&#10;Wanted but not invoked:&#10;batch.sendReply(&lt;any&gt;, &lt;any&gt;, &lt;any&gt;, false);&#10;-&gt; at com.yahoo.omid.tso.TestPersistenceProcessor.testCommitPersistenceWithHALeaseManagerPerConfig(TestPersistenceProcessor.java:244)&#10;&#10;However, there were other interactions with this mock:&#10;-&gt; at com.yahoo.omid.tso.PersistenceProcessorImpl.persistCommit(PersistenceProcessorImpl.java:184)&#10;-&gt; at com.yahoo.omid.tso.PersistenceProcessorImpl.persistCommit(PersistenceProcessorImpl.java:185)&#10;-&gt; at com.yahoo.omid.tso.PersistenceProcessorImpl.persistFlush(PersistenceProcessorImpl.java:173)&#10;-&gt; at com.yahoo.omid.tso.PersistenceProcessorImpl$PersistenceProcessorHandler.onEvent(PersistenceProcessorImpl.java:366)&#10;-&gt; at com.yahoo.omid.tso.PersistenceProcessorImpl$PersistenceProcessorHandler.flush(PersistenceProcessorImpl.java:408)&#10;" type="org.mockito.exceptions.verification.WantedButNotInvoked"><![CDATA[org.mockito.exceptions.verification.WantedButNotInvoked: 

Wanted but not invoked:
batch.sendReply(<any>, <any>, <any>, false);
-> at com.yahoo.omid.tso.TestPersistenceProcessor.testCommitPersistenceWithHALeaseManagerPerConfig(TestPersistenceProcessor.java:244)

However, there were other interactions with this mock:
-> at com.yahoo.omid.tso.PersistenceProcessorImpl.persistCommit(PersistenceProcessorImpl.java:184)
-> at com.yahoo.omid.tso.PersistenceProcessorImpl.persistCommit(PersistenceProcessorImpl.java:185)
-> at com.yahoo.omid.tso.PersistenceProcessorImpl.persistFlush(PersistenceProcessorImpl.java:173)
-> at com.yahoo.omid.tso.PersistenceProcessorImpl$PersistenceProcessorHandler.onEvent(PersistenceProcessorImpl.java:366)
-> at com.yahoo.omid.tso.PersistenceProcessorImpl$PersistenceProcessorHandler.flush(PersistenceProcessorImpl.java:408)

	at com.yahoo.omid.tso.TestPersistenceProcessor.testCommitPersistenceWithHALeaseManagerPerConfig(TestPersistenceProcessor.java:244)
	at com.yahoo.omid.tso.TestPersistenceProcessor.testCommitPersistenceWithHALeaseManager(TestPersistenceProcessor.java:201)
]]></failure>
    <system-err><![CDATA[16/03/15 17:23:57 [main] INFO tso.TSOServer: Iterating over network interfaces, found 'eth0'
 16/03/15 17:23:57 [main] INFO tso.PersistenceProcessor: Creating the persist processor with batch size 10000, and timeout 100ms
 16/03/15 17:23:57 [main] INFO tso.PersistenceProcessor: Creating the persist processor with batch size 10000, and timeout 100ms
 16/03/15 17:23:57 [main] INFO tso.PersistenceProcessor: Creating the persist processor with batch size 10000, and timeout 100ms
 16/03/15 17:23:57 [main] INFO tso.PersistenceProcessor: Creating the persist processor with batch size 10000, and timeout 100ms
 ]]></system-err>
  </testcase>
  <testcase name="testCommitPersistenceWithHALeaseManagerMultiHandlers" classname="com.yahoo.omid.tso.TestPersistenceProcessor" time="0.544"/>
  <testcase name="testCommitPersistenceWithMultiHandlers" classname="com.yahoo.omid.tso.TestPersistenceProcessor" time="0.226"/>
  <testcase name="testCommitPersistenceWithNonHALeaseManager" classname="com.yahoo.omid.tso.TestPersistenceProcessor" time="0.624"/>
  <testcase name="testCommitPersistenceWithSingleHanlderInMultiHandlersEnvironment" classname="com.yahoo.omid.tso.TestPersistenceProcessor" time="0.105"/>
  <testcase name="testCommitTableExceptionOnCommitPersistenceTakesDownDaemon" classname="com.yahoo.omid.tso.TestPersistenceProcessor" time="1.94"/>
  <testcase name="testRuntimeExceptionOnCommitPersistenceTakesDownDaemon" classname="com.yahoo.omid.tso.TestPersistenceProcessor" time="0.191"/>
</testsuite>