<?xml version="1.0" encoding="UTF-8"?>
<testng-results skipped="0" failed="0" total="1" passed="1">
  <reporter-output>
  </reporter-output>
  <suite name="Surefire suite" duration-ms="28" started-at="2016-03-15T17:22:48Z" finished-at="2016-03-15T17:22:48Z">
    <groups>
    </groups>
    <test name="Surefire test" duration-ms="28" started-at="2016-03-15T17:22:48Z" finished-at="2016-03-15T17:22:48Z">
      <class name="com.yahoo.statemachine.TestStateMachine">
        <test-method status="PASS" signature="testOrdering()[pri:0, instance:com.yahoo.statemachine.TestStateMachine@c818063]" name="testOrdering" duration-ms="18" started-at="2016-03-15T17:22:48Z" finished-at="2016-03-15T17:22:48Z">
          <reporter-output>
          </reporter-output>
        </test-method> <!-- testOrdering -->
      </class> <!-- com.yahoo.statemachine.TestStateMachine -->
    </test> <!-- Surefire test -->
  </suite> <!-- Surefire suite -->
</testng-results>
