<?xml version="1.0" encoding="UTF-8"?>
<testng-results skipped="0" failed="0" total="4" passed="4">
  <reporter-output>
  </reporter-output>
  <suite name="Surefire suite" duration-ms="16132" started-at="2016-03-14T18:12:13Z" finished-at="2016-03-14T18:12:29Z">
    <groups>
    </groups>
    <test name="Surefire test" duration-ms="16132" started-at="2016-03-14T18:12:13Z" finished-at="2016-03-14T18:12:29Z">
      <class name="com.yahoo.omid.tools.hbase.TestOmidTableManager">
        <test-method status="PASS" signature="setUpClass()[pri:0, instance:com.yahoo.omid.tools.hbase.TestOmidTableManager@42dafa95]" name="setUpClass" is-config="true" duration-ms="6806" started-at="2016-03-14T18:12:13Z" finished-at="2016-03-14T18:12:20Z">
          <reporter-output>
          </reporter-output>
        </test-method> <!-- setUpClass -->
        <test-method status="PASS" signature="testCreateCustomCommitTableSucceeds()[pri:0, instance:com.yahoo.omid.tools.hbase.TestOmidTableManager@42dafa95]" name="testCreateCustomCommitTableSucceeds" duration-ms="478" started-at="2016-03-14T18:12:20Z" finished-at="2016-03-14T18:12:20Z">
          <reporter-output>
          </reporter-output>
        </test-method> <!-- testCreateCustomCommitTableSucceeds -->
        <test-method status="PASS" signature="testCreateDefaultCommitTableSucceeds()[pri:0, instance:com.yahoo.omid.tools.hbase.TestOmidTableManager@42dafa95]" name="testCreateDefaultCommitTableSucceeds" duration-ms="2297" started-at="2016-03-14T18:12:20Z" finished-at="2016-03-14T18:12:22Z">
          <reporter-output>
          </reporter-output>
        </test-method> <!-- testCreateDefaultCommitTableSucceeds -->
        <test-method status="PASS" signature="testCreateDefaultTimestampTableSucceeds()[pri:0, instance:com.yahoo.omid.tools.hbase.TestOmidTableManager@42dafa95]" name="testCreateDefaultTimestampTableSucceeds" duration-ms="723" started-at="2016-03-14T18:12:22Z" finished-at="2016-03-14T18:12:23Z">
          <reporter-output>
          </reporter-output>
        </test-method> <!-- testCreateDefaultTimestampTableSucceeds -->
        <test-method status="PASS" signature="testExceptionIsThrownWhenSpecifyingAWrongCommand()[pri:0, instance:com.yahoo.omid.tools.hbase.TestOmidTableManager@42dafa95]" name="testExceptionIsThrownWhenSpecifyingAWrongCommand" duration-ms="5" started-at="2016-03-14T18:12:23Z" finished-at="2016-03-14T18:12:23Z">
          <exception class="java.lang.IllegalArgumentException">
            <message>
              <![CDATA[Expected a command, got non-recognized-command]]>
            </message>
            <full-stacktrace>
              <![CDATA[java.lang.IllegalArgumentException: Expected a command, got non-recognized-command
	at com.yahoo.omid.tools.hbase.OmidTableManager.<init>(OmidTableManager.java:72)
	at com.yahoo.omid.tools.hbase.TestOmidTableManager.testExceptionIsThrownWhenSpecifyingAWrongCommand(TestOmidTableManager.java:103)
	at sun.reflect.NativeMethodAccessorImpl.invoke0(Native Method)
	at sun.reflect.NativeMethodAccessorImpl.invoke(NativeMethodAccessorImpl.java:62)
	at sun.reflect.DelegatingMethodAccessorImpl.invoke(DelegatingMethodAccessorImpl.java:43)
	at java.lang.reflect.Method.invoke(Method.java:497)
	at org.testng.internal.MethodInvocationHelper.invokeMethod(MethodInvocationHelper.java:84)
	at org.testng.internal.InvokeMethodRunnable.runOne(InvokeMethodRunnable.java:46)
	at org.testng.internal.InvokeMethodRunnable.run(InvokeMethodRunnable.java:37)
	at java.util.concurrent.Executors$RunnableAdapter.call(Executors.java:511)
	at java.util.concurrent.FutureTask.run(FutureTask.java:266)
	at java.util.concurrent.ThreadPoolExecutor.runWorker(ThreadPoolExecutor.java:1142)
	at java.util.concurrent.ThreadPoolExecutor$Worker.run(ThreadPoolExecutor.java:617)
	at java.lang.Thread.run(Thread.java:745)
]]>
            </full-stacktrace>
          </exception> <!-- java.lang.IllegalArgumentException -->
          <reporter-output>
          </reporter-output>
        </test-method> <!-- testExceptionIsThrownWhenSpecifyingAWrongCommand -->
        <test-method status="PASS" signature="tearDownClass()[pri:0, instance:com.yahoo.omid.tools.hbase.TestOmidTableManager@42dafa95]" name="tearDownClass" is-config="true" duration-ms="5789" started-at="2016-03-14T18:12:23Z" finished-at="2016-03-14T18:12:29Z">
          <reporter-output>
          </reporter-output>
        </test-method> <!-- tearDownClass -->
      </class> <!-- com.yahoo.omid.tools.hbase.TestOmidTableManager -->
    </test> <!-- Surefire test -->
  </suite> <!-- Surefire suite -->
</testng-results>
