<?xml version="1.0" encoding="UTF-8"?>
<testng-results skipped="0" failed="0" total="4" passed="4">
  <reporter-output>
  </reporter-output>
  <suite name="Surefire suite" duration-ms="14085" started-at="2016-03-15T17:23:17Z" finished-at="2016-03-15T17:23:31Z">
    <groups>
    </groups>
    <test name="Surefire test" duration-ms="14085" started-at="2016-03-15T17:23:17Z" finished-at="2016-03-15T17:23:31Z">
      <class name="com.yahoo.omid.tools.hbase.TestOmidTableManager">
        <test-method status="PASS" signature="setUpClass()[pri:0, instance:com.yahoo.omid.tools.hbase.TestOmidTableManager@42dafa95]" name="setUpClass" is-config="true" duration-ms="6039" started-at="2016-03-15T17:23:17Z" finished-at="2016-03-15T17:23:23Z">
          <reporter-output>
          </reporter-output>
        </test-method> <!-- setUpClass -->
        <test-method status="PASS" signature="testCreateCustomCommitTableSucceeds()[pri:0, instance:com.yahoo.omid.tools.hbase.TestOmidTableManager@42dafa95]" name="testCreateCustomCommitTableSucceeds" duration-ms="261" started-at="2016-03-15T17:23:23Z" finished-at="2016-03-15T17:23:23Z">
          <reporter-output>
          </reporter-output>
        </test-method> <!-- testCreateCustomCommitTableSucceeds -->
        <test-method status="PASS" signature="testCreateDefaultCommitTableSucceeds()[pri:0, instance:com.yahoo.omid.tools.hbase.TestOmidTableManager@42dafa95]" name="testCreateDefaultCommitTableSucceeds" duration-ms="2257" started-at="2016-03-15T17:23:23Z" finished-at="2016-03-15T17:23:26Z">
          <reporter-output>
          </reporter-output>
        </test-method> <!-- testCreateDefaultCommitTableSucceeds -->
        <test-method status="PASS" signature="testCreateDefaultTimestampTableSucceeds()[pri:0, instance:com.yahoo.omid.tools.hbase.TestOmidTableManager@42dafa95]" name="testCreateDefaultTimestampTableSucceeds" duration-ms="1244" started-at="2016-03-15T17:23:26Z" finished-at="2016-03-15T17:23:27Z">
          <reporter-output>
          </reporter-output>
        </test-method> <!-- testCreateDefaultTimestampTableSucceeds -->
        <test-method status="PASS" signature="testExceptionIsThrownWhenSpecifyingAWrongCommand()[pri:0, instance:com.yahoo.omid.tools.hbase.TestOmidTableManager@42dafa95]" name="testExceptionIsThrownWhenSpecifyingAWrongCommand" duration-ms="4" started-at="2016-03-15T17:23:27Z" finished-at="2016-03-15T17:23:27Z">
          <exception class="java.lang.IllegalArgumentException">
            <message>
              <![CDATA[Expected a command, got non-recognized-command]]>
            </message>
            <full-stacktrace>
              <![CDATA[java.lang.IllegalArgumentException: Expected a command, got non-recognized-command
	at com.yahoo.omid.tools.hbase.OmidTableManager.<init>(OmidTableManager.java:72)
	at com.yahoo.omid.tools.hbase.TestOmidTableManager.testExceptionIsThrownWhenSpecifyingAWrongCommand(TestOmidTableManager.java:103)
	at sun.reflect.NativeMethodAccessorImpl.invoke0(Native Method)
	at sun.reflect.NativeMethodAccessorImpl.invoke(NativeMethodAccessorImpl.java:62)
	at sun.reflect.DelegatingMethodAccessorImpl.invoke(DelegatingMethodAccessorImpl.java:43)
	at java.lang.reflect.Method.invoke(Method.java:497)
	at org.testng.internal.MethodInvocationHelper.invokeMethod(MethodInvocationHelper.java:84)
	at org.testng.internal.InvokeMethodRunnable.runOne(InvokeMethodRunnable.java:46)
	at org.testng.internal.InvokeMethodRunnable.run(InvokeMethodRunnable.java:37)
	at java.util.concurrent.Executors$RunnableAdapter.call(Executors.java:511)
	at java.util.concurrent.FutureTask.run(FutureTask.java:266)
	at java.util.concurrent.ThreadPoolExecutor.runWorker(ThreadPoolExecutor.java:1142)
	at java.util.concurrent.ThreadPoolExecutor$Worker.run(ThreadPoolExecutor.java:617)
	at java.lang.Thread.run(Thread.java:745)
]]>
            </full-stacktrace>
          </exception> <!-- java.lang.IllegalArgumentException -->
          <reporter-output>
          </reporter-output>
        </test-method> <!-- testExceptionIsThrownWhenSpecifyingAWrongCommand -->
        <test-method status="PASS" signature="tearDownClass()[pri:0, instance:com.yahoo.omid.tools.hbase.TestOmidTableManager@42dafa95]" name="tearDownClass" is-config="true" duration-ms="4265" started-at="2016-03-15T17:23:27Z" finished-at="2016-03-15T17:23:31Z">
          <reporter-output>
          </reporter-output>
        </test-method> <!-- tearDownClass -->
      </class> <!-- com.yahoo.omid.tools.hbase.TestOmidTableManager -->
    </test> <!-- Surefire test -->
  </suite> <!-- Surefire suite -->
</testng-results>
