<?xml version="1.0" encoding="UTF-8"?>
<!-- Generated by org.testng.reporters.JUnitXMLReporter -->
<testsuite hostname="testing-gce-620a82cd-cc99-44e6-916e-7113bc1c7b8f.c.travis-ci-prod-5.internal" name="Surefire test" tests="4" failures="0" timestamp="14 Mar 2016 18:12:29 GMT" time="16.132" errors="0">
  <testcase name="testCreateCustomCommitTableSucceeds" time="0.478" classname="com.yahoo.omid.tools.hbase.TestOmidTableManager"/>
  <testcase name="testCreateDefaultCommitTableSucceeds" time="2.297" classname="com.yahoo.omid.tools.hbase.TestOmidTableManager"/>
  <testcase name="testCreateDefaultTimestampTableSucceeds" time="0.723" classname="com.yahoo.omid.tools.hbase.TestOmidTableManager"/>
  <testcase name="testExceptionIsThrownWhenSpecifyingAWrongCommand" time="0.005" classname="com.yahoo.omid.tools.hbase.TestOmidTableManager"/>
</testsuite> <!-- Surefire test -->
